2021-07-21 17:58:33.547 [1;32mINFO [0;39m [1;35m74425[0;39m [1;36mmain[0;39m [1;33mo.s.d.r.c.RepositoryConfigurationDelegate_registerRepositoriesIn[0;39m [1;37mL:132[0;39m [1;30mo.s.d.r.c.RepositoryConfigurationDelegate[0;39m 
 [1;31m     >[0;39m Bootstrapping Spring Data JPA repositories in DEFAULT mode.
2021-07-21 17:58:33.566 [1;32mINFO [0;39m [1;35m74425[0;39m [1;36mmain[0;39m [1;33mo.s.d.r.c.RepositoryConfigurationDelegate_registerRepositoriesIn[0;39m [1;37mL:201[0;39m [1;30mo.s.d.r.c.RepositoryConfigurationDelegate[0;39m 
 [1;31m     >[0;39m Finished Spring Data repository scanning in 15 ms. Found 1 JPA repository interfaces.
2021-07-21 17:58:33.731 [1;32mINFO [0;39m [1;35m74425[0;39m [1;36mmain[0;39m [1;33mo.s.b.w.e.tomcat.TomcatWebServer_initialize[0;39m [1;37mL:108[0;39m [1;30mo.s.b.w.e.tomcat.TomcatWebServer[0;39m 
 [1;31m     >[0;39m Tomcat initialized with port(s): 8080 (http)
2021-07-21 17:58:33.767 [1;32mINFO [0;39m [1;35m74425[0;39m [1;36mmain[0;39m [1;33mo.s.b.w.s.c.ServletWebServerApplicationContext_prepareWebApplicationContext[0;39m [1;37mL:290[0;39m [1;30mo.s.b.w.s.c.ServletWebServerApplicationContext[0;39m 
 [1;31m     >[0;39m Root WebApplicationContext: initialization completed in 442 ms
2021-07-21 17:58:34.040 [1;32mDEBUG[0;39m [1;35m74425[0;39m [1;36mmain[0;39m [1;33mo.h.type.spi.TypeConfiguration_scope[0;39m [1;37mL:152[0;39m [1;30mo.h.type.spi.TypeConfiguration$Scope[0;39m 
 [1;31m     >[0;39m Scoping TypeConfiguration [org.hibernate.type.spi.TypeConfiguration@60c73e58] to MetadataBuildingContext [org.hibernate.boot.internal.MetadataBuildingContextRootImpl@5984feef]
2021-07-21 17:58:34.093 [1;32mDEBUG[0;39m [1;35m74425[0;39m [1;36mmain[0;39m [1;33mo.h.type.spi.TypeConfiguration_scope[0;39m [1;37mL:157[0;39m [1;30mo.h.type.spi.TypeConfiguration$Scope[0;39m 
 [1;31m     >[0;39m Scoping TypeConfiguration [org.hibernate.type.spi.TypeConfiguration@60c73e58] to SessionFactoryImpl [org.hibernate.internal.SessionFactoryImpl@7f7b6639]
2021-07-21 17:58:34.184 [1;32mDEBUG[0;39m [1;35m74425[0;39m [1;36mmain[0;39m [1;33mo.h.e.jdbc.spi.SqlStatementLogger_logStatement[0;39m [1;37mL:144[0;39m [1;30morg.hibernate.SQL[0;39m 
 [1;31m     >[0;39m drop table if exists user CASCADE 
2021-07-21 17:58:34.187 [1;32mDEBUG[0;39m [1;35m74425[0;39m [1;36mmain[0;39m [1;33mo.h.e.jdbc.spi.SqlStatementLogger_logStatement[0;39m [1;37mL:144[0;39m [1;30morg.hibernate.SQL[0;39m 
 [1;31m     >[0;39m create table user (id bigint generated by default as identity, name varchar(255), primary key (id))
2021-07-21 17:58:34.192 [1;32mTRACE[0;39m [1;35m74425[0;39m [1;36mmain[0;39m [1;33mo.h.type.spi.TypeConfiguration_sessionFactoryCreated[0;39m [1;37mL:205[0;39m [1;30mo.h.type.spi.TypeConfiguration$Scope[0;39m 
 [1;31m     >[0;39m Handling #sessionFactoryCreated from [org.hibernate.internal.SessionFactoryImpl@7f7b6639] for TypeConfiguration
2021-07-21 17:58:34.193 [1;32mINFO [0;39m [1;35m74425[0;39m [1;36mmain[0;39m [1;33mo.s.o.j.AbstractEntityManagerFactoryBean_buildNativeEntityManagerFactory[0;39m [1;37mL:437[0;39m [1;30mo.s.o.j.LocalContainerEntityManagerFactoryBean[0;39m 
 [1;31m     >[0;39m Initialized JPA EntityManagerFactory for persistence unit 'default'
2021-07-21 17:58:34.307 [1;32mWARN [0;39m [1;35m74425[0;39m [1;36mmain[0;39m [1;33mo.s.b.a.o.j.JpaBaseConfiguration$JpaWebConfiguration_openEntityManagerInViewInterceptor[0;39m [1;37mL:219[0;39m [1;30mo.s.b.a.o.j.JpaBaseConfiguration$JpaWebConfiguration[0;39m 
 [1;31m     >[0;39m spring.jpa.open-in-view is enabled by default. Therefore, database queries may be performed during view rendering. Explicitly configure spring.jpa.open-in-view to disable this warning
2021-07-21 17:58:34.444 [1;32mINFO [0;39m [1;35m74425[0;39m [1;36mmain[0;39m [1;33mo.s.b.w.e.tomcat.TomcatWebServer_start[0;39m [1;37mL:220[0;39m [1;30mo.s.b.w.e.tomcat.TomcatWebServer[0;39m 
 [1;31m     >[0;39m Tomcat started on port(s): 8080 (http) with context path ''
2021-07-21 17:58:40.617 [1;32mINFO [0;39m [1;35m74425[0;39m [1;36mhttp-nio-8080-exec-1[0;39m [1;33mo.s.web.servlet.FrameworkServlet_initServletBean[0;39m [1;37mL:525[0;39m [1;30mo.s.web.servlet.DispatcherServlet[0;39m 
 [1;31m     >[0;39m Initializing Servlet 'dispatcherServlet'
2021-07-21 17:58:40.618 [1;32mINFO [0;39m [1;35m74425[0;39m [1;36mhttp-nio-8080-exec-1[0;39m [1;33mo.s.web.servlet.FrameworkServlet_initServletBean[0;39m [1;37mL:547[0;39m [1;30mo.s.web.servlet.DispatcherServlet[0;39m 
 [1;31m     >[0;39m Completed initialization in 1 ms
2021-07-21 17:58:40.645 [1;32mDEBUG[0;39m [1;35m74425[0;39m [1;36mhttp-nio-8080-exec-1[0;39m [1;33mo.h.e.jdbc.spi.SqlStatementLogger_logStatement[0;39m [1;37mL:144[0;39m [1;30morg.hibernate.SQL[0;39m 
 [1;31m     >[0;39m insert into user (id, name) values (null, ?)
2021-07-21 17:58:40.648 [1;32mTRACE[0;39m [1;35m74425[0;39m [1;36mhttp-nio-8080-exec-1[0;39m [1;33mo.h.type.descriptor.sql.BasicBinder_bind[0;39m [1;37mL:64[0;39m [1;30mo.h.type.descriptor.sql.BasicBinder[0;39m 
 [1;31m     >[0;39m binding parameter [1] as [VARCHAR] - [abc]
2021-07-21 17:58:40.654 [1;32mINFO [0;39m [1;35m74425[0;39m [1;36mhttp-nio-8080-exec-1[0;39m [1;33mc.p.l.advice.GlobalControllerAdvice_handleException[0;39m [1;37mL:16[0;39m [1;30mfile[0;39m 
 [1;31m     >[0;39m this is info logging.
2021-07-21 17:58:40.655 [1;32mERROR[0;39m [1;35m74425[0;39m [1;36mhttp-nio-8080-exec-1[0;39m [1;33mc.p.l.advice.GlobalControllerAdvice_handleException[0;39m [1;37mL:17[0;39m [1;30mfile[0;39m 
 [1;31m     >[0;39m this is error logging.
2021-07-21 17:58:40.760 [1;32mDEBUG[0;39m [1;35m74425[0;39m [1;36mhttp-nio-8080-exec-2[0;39m [1;33mo.h.e.jdbc.spi.SqlStatementLogger_logStatement[0;39m [1;37mL:144[0;39m [1;30morg.hibernate.SQL[0;39m 
 [1;31m     >[0;39m insert into user (id, name) values (null, ?)
2021-07-21 17:58:40.760 [1;32mTRACE[0;39m [1;35m74425[0;39m [1;36mhttp-nio-8080-exec-2[0;39m [1;33mo.h.type.descriptor.sql.BasicBinder_bind[0;39m [1;37mL:64[0;39m [1;30mo.h.type.descriptor.sql.BasicBinder[0;39m 
 [1;31m     >[0;39m binding parameter [1] as [VARCHAR] - [abc]
2021-07-21 17:58:40.761 [1;32mINFO [0;39m [1;35m74425[0;39m [1;36mhttp-nio-8080-exec-2[0;39m [1;33mc.p.l.advice.GlobalControllerAdvice_handleException[0;39m [1;37mL:16[0;39m [1;30mfile[0;39m 
 [1;31m     >[0;39m this is info logging.
2021-07-21 17:58:40.761 [1;32mERROR[0;39m [1;35m74425[0;39m [1;36mhttp-nio-8080-exec-2[0;39m [1;33mc.p.l.advice.GlobalControllerAdvice_handleException[0;39m [1;37mL:17[0;39m [1;30mfile[0;39m 
 [1;31m     >[0;39m this is error logging.
2021-07-21 17:58:40.957 [1;32mDEBUG[0;39m [1;35m74425[0;39m [1;36mhttp-nio-8080-exec-3[0;39m [1;33mo.h.e.jdbc.spi.SqlStatementLogger_logStatement[0;39m [1;37mL:144[0;39m [1;30morg.hibernate.SQL[0;39m 
 [1;31m     >[0;39m insert into user (id, name) values (null, ?)
2021-07-21 17:58:40.957 [1;32mTRACE[0;39m [1;35m74425[0;39m [1;36mhttp-nio-8080-exec-3[0;39m [1;33mo.h.type.descriptor.sql.BasicBinder_bind[0;39m [1;37mL:64[0;39m [1;30mo.h.type.descriptor.sql.BasicBinder[0;39m 
 [1;31m     >[0;39m binding parameter [1] as [VARCHAR] - [abc]
2021-07-21 17:58:40.958 [1;32mINFO [0;39m [1;35m74425[0;39m [1;36mhttp-nio-8080-exec-3[0;39m [1;33mc.p.l.advice.GlobalControllerAdvice_handleException[0;39m [1;37mL:16[0;39m [1;30mfile[0;39m 
 [1;31m     >[0;39m this is info logging.
2021-07-21 17:58:40.959 [1;32mERROR[0;39m [1;35m74425[0;39m [1;36mhttp-nio-8080-exec-3[0;39m [1;33mc.p.l.advice.GlobalControllerAdvice_handleException[0;39m [1;37mL:17[0;39m [1;30mfile[0;39m 
 [1;31m     >[0;39m this is error logging.
2021-07-21 18:00:47.883 [1;32mINFO [0;39m [1;35m74425[0;39m [1;36mSpringApplicationShutdownHook[0;39m [1;33mo.s.o.j.AbstractEntityManagerFactoryBean_destroy[0;39m [1;37mL:651[0;39m [1;30mo.s.o.j.LocalContainerEntityManagerFactoryBean[0;39m 
 [1;31m     >[0;39m Closing JPA EntityManagerFactory for persistence unit 'default'
2021-07-21 18:00:47.885 [1;32mDEBUG[0;39m [1;35m74425[0;39m [1;36mSpringApplicationShutdownHook[0;39m [1;33mo.h.e.jdbc.spi.SqlStatementLogger_logStatement[0;39m [1;37mL:144[0;39m [1;30morg.hibernate.SQL[0;39m 
 [1;31m     >[0;39m drop table if exists user CASCADE 
2021-07-21 18:00:47.886 [1;32mTRACE[0;39m [1;35m74425[0;39m [1;36mSpringApplicationShutdownHook[0;39m [1;33mo.h.type.spi.TypeConfiguration_sessionFactoryClosed[0;39m [1;37mL:211[0;39m [1;30mo.h.type.spi.TypeConfiguration$Scope[0;39m 
 [1;31m     >[0;39m Handling #sessionFactoryClosed from [org.hibernate.internal.SessionFactoryImpl@7f7b6639] for TypeConfiguration
2021-07-21 18:00:47.886 [1;32mDEBUG[0;39m [1;35m74425[0;39m [1;36mSpringApplicationShutdownHook[0;39m [1;33mo.h.type.spi.TypeConfiguration$Scope_unsetSessionFactory[0;39m [1;37mL:350[0;39m [1;30mo.h.type.spi.TypeConfiguration$Scope[0;39m 
 [1;31m     >[0;39m Un-scoping TypeConfiguration [org.hibernate.type.spi.TypeConfiguration$Scope@57d6b3c4] from SessionFactory [org.hibernate.internal.SessionFactoryImpl@7f7b6639]
2021-07-21 18:00:49.742 [1;32mINFO [0;39m [1;35m74453[0;39m [1;36mmain[0;39m [1;33mo.s.d.r.c.RepositoryConfigurationDelegate_registerRepositoriesIn[0;39m [1;37mL:132[0;39m [1;30mo.s.d.r.c.RepositoryConfigurationDelegate[0;39m 
 [1;31m     >[0;39m Bootstrapping Spring Data JPA repositories in DEFAULT mode.
2021-07-21 18:00:49.761 [1;32mINFO [0;39m [1;35m74453[0;39m [1;36mmain[0;39m [1;33mo.s.d.r.c.RepositoryConfigurationDelegate_registerRepositoriesIn[0;39m [1;37mL:201[0;39m [1;30mo.s.d.r.c.RepositoryConfigurationDelegate[0;39m 
 [1;31m     >[0;39m Finished Spring Data repository scanning in 15 ms. Found 1 JPA repository interfaces.
2021-07-21 18:00:49.934 [1;32mINFO [0;39m [1;35m74453[0;39m [1;36mmain[0;39m [1;33mo.s.b.w.e.tomcat.TomcatWebServer_initialize[0;39m [1;37mL:108[0;39m [1;30mo.s.b.w.e.tomcat.TomcatWebServer[0;39m 
 [1;31m     >[0;39m Tomcat initialized with port(s): 8080 (http)
2021-07-21 18:00:49.970 [1;32mINFO [0;39m [1;35m74453[0;39m [1;36mmain[0;39m [1;33mo.s.b.w.s.c.ServletWebServerApplicationContext_prepareWebApplicationContext[0;39m [1;37mL:290[0;39m [1;30mo.s.b.w.s.c.ServletWebServerApplicationContext[0;39m 
 [1;31m     >[0;39m Root WebApplicationContext: initialization completed in 463 ms
2021-07-21 18:00:50.255 [1;32mDEBUG[0;39m [1;35m74453[0;39m [1;36mmain[0;39m [1;33mo.h.type.spi.TypeConfiguration_scope[0;39m [1;37mL:152[0;39m [1;30mo.h.type.spi.TypeConfiguration$Scope[0;39m 
 [1;31m     >[0;39m Scoping TypeConfiguration [org.hibernate.type.spi.TypeConfiguration@60c73e58] to MetadataBuildingContext [org.hibernate.boot.internal.MetadataBuildingContextRootImpl@5984feef]
2021-07-21 18:00:50.310 [1;32mDEBUG[0;39m [1;35m74453[0;39m [1;36mmain[0;39m [1;33mo.h.type.spi.TypeConfiguration_scope[0;39m [1;37mL:157[0;39m [1;30mo.h.type.spi.TypeConfiguration$Scope[0;39m 
 [1;31m     >[0;39m Scoping TypeConfiguration [org.hibernate.type.spi.TypeConfiguration@60c73e58] to SessionFactoryImpl [org.hibernate.internal.SessionFactoryImpl@7f7b6639]
2021-07-21 18:00:50.413 [1;32mDEBUG[0;39m [1;35m74453[0;39m [1;36mmain[0;39m [1;33mo.h.e.jdbc.spi.SqlStatementLogger_logStatement[0;39m [1;37mL:144[0;39m [1;30morg.hibernate.SQL[0;39m 
 [1;31m     >[0;39m drop table if exists user CASCADE 
2021-07-21 18:00:50.416 [1;32mDEBUG[0;39m [1;35m74453[0;39m [1;36mmain[0;39m [1;33mo.h.e.jdbc.spi.SqlStatementLogger_logStatement[0;39m [1;37mL:144[0;39m [1;30morg.hibernate.SQL[0;39m 
 [1;31m     >[0;39m create table user (id bigint generated by default as identity, name varchar(255), primary key (id))
2021-07-21 18:00:50.422 [1;32mTRACE[0;39m [1;35m74453[0;39m [1;36mmain[0;39m [1;33mo.h.type.spi.TypeConfiguration_sessionFactoryCreated[0;39m [1;37mL:205[0;39m [1;30mo.h.type.spi.TypeConfiguration$Scope[0;39m 
 [1;31m     >[0;39m Handling #sessionFactoryCreated from [org.hibernate.internal.SessionFactoryImpl@7f7b6639] for TypeConfiguration
2021-07-21 18:00:50.423 [1;32mINFO [0;39m [1;35m74453[0;39m [1;36mmain[0;39m [1;33mo.s.o.j.AbstractEntityManagerFactoryBean_buildNativeEntityManagerFactory[0;39m [1;37mL:437[0;39m [1;30mo.s.o.j.LocalContainerEntityManagerFactoryBean[0;39m 
 [1;31m     >[0;39m Initialized JPA EntityManagerFactory for persistence unit 'default'
2021-07-21 18:00:50.544 [1;32mWARN [0;39m [1;35m74453[0;39m [1;36mmain[0;39m [1;33mo.s.b.a.o.j.JpaBaseConfiguration$JpaWebConfiguration_openEntityManagerInViewInterceptor[0;39m [1;37mL:219[0;39m [1;30mo.s.b.a.o.j.JpaBaseConfiguration$JpaWebConfiguration[0;39m 
 [1;31m     >[0;39m spring.jpa.open-in-view is enabled by default. Therefore, database queries may be performed during view rendering. Explicitly configure spring.jpa.open-in-view to disable this warning
2021-07-21 18:00:50.692 [1;32mINFO [0;39m [1;35m74453[0;39m [1;36mmain[0;39m [1;33mo.s.b.w.e.tomcat.TomcatWebServer_start[0;39m [1;37mL:220[0;39m [1;30mo.s.b.w.e.tomcat.TomcatWebServer[0;39m 
 [1;31m     >[0;39m Tomcat started on port(s): 8080 (http) with context path ''
2021-07-21 18:00:56.382 [1;32mINFO [0;39m [1;35m74453[0;39m [1;36mhttp-nio-8080-exec-1[0;39m [1;33mo.s.web.servlet.FrameworkServlet_initServletBean[0;39m [1;37mL:525[0;39m [1;30mo.s.web.servlet.DispatcherServlet[0;39m 
 [1;31m     >[0;39m Initializing Servlet 'dispatcherServlet'
2021-07-21 18:00:56.384 [1;32mINFO [0;39m [1;35m74453[0;39m [1;36mhttp-nio-8080-exec-1[0;39m [1;33mo.s.web.servlet.FrameworkServlet_initServletBean[0;39m [1;37mL:547[0;39m [1;30mo.s.web.servlet.DispatcherServlet[0;39m 
 [1;31m     >[0;39m Completed initialization in 1 ms
2021-07-21 18:00:56.412 [1;32mDEBUG[0;39m [1;35m74453[0;39m [1;36mhttp-nio-8080-exec-1[0;39m [1;33mo.h.e.jdbc.spi.SqlStatementLogger_logStatement[0;39m [1;37mL:144[0;39m [1;30morg.hibernate.SQL[0;39m 
 [1;31m     >[0;39m insert into user (id, name) values (null, ?)
2021-07-21 18:00:56.415 [1;32mTRACE[0;39m [1;35m74453[0;39m [1;36mhttp-nio-8080-exec-1[0;39m [1;33mo.h.type.descriptor.sql.BasicBinder_bind[0;39m [1;37mL:64[0;39m [1;30mo.h.type.descriptor.sql.BasicBinder[0;39m 
 [1;31m     >[0;39m binding parameter [1] as [VARCHAR] - [abc]
2021-07-21 18:00:56.610 [1;32mDEBUG[0;39m [1;35m74453[0;39m [1;36mhttp-nio-8080-exec-2[0;39m [1;33mo.h.e.jdbc.spi.SqlStatementLogger_logStatement[0;39m [1;37mL:144[0;39m [1;30morg.hibernate.SQL[0;39m 
 [1;31m     >[0;39m insert into user (id, name) values (null, ?)
2021-07-21 18:00:56.611 [1;32mTRACE[0;39m [1;35m74453[0;39m [1;36mhttp-nio-8080-exec-2[0;39m [1;33mo.h.type.descriptor.sql.BasicBinder_bind[0;39m [1;37mL:64[0;39m [1;30mo.h.type.descriptor.sql.BasicBinder[0;39m 
 [1;31m     >[0;39m binding parameter [1] as [VARCHAR] - [abc]
2021-07-21 18:02:59.397 [1;32mINFO [0;39m [1;35m74453[0;39m [1;36mSpringApplicationShutdownHook[0;39m [1;33mo.s.o.j.AbstractEntityManagerFactoryBean_destroy[0;39m [1;37mL:651[0;39m [1;30mo.s.o.j.LocalContainerEntityManagerFactoryBean[0;39m 
 [1;31m     >[0;39m Closing JPA EntityManagerFactory for persistence unit 'default'
2021-07-21 18:02:59.399 [1;32mDEBUG[0;39m [1;35m74453[0;39m [1;36mSpringApplicationShutdownHook[0;39m [1;33mo.h.e.jdbc.spi.SqlStatementLogger_logStatement[0;39m [1;37mL:144[0;39m [1;30morg.hibernate.SQL[0;39m 
 [1;31m     >[0;39m drop table if exists user CASCADE 
2021-07-21 18:02:59.400 [1;32mTRACE[0;39m [1;35m74453[0;39m [1;36mSpringApplicationShutdownHook[0;39m [1;33mo.h.type.spi.TypeConfiguration_sessionFactoryClosed[0;39m [1;37mL:211[0;39m [1;30mo.h.type.spi.TypeConfiguration$Scope[0;39m 
 [1;31m     >[0;39m Handling #sessionFactoryClosed from [org.hibernate.internal.SessionFactoryImpl@7f7b6639] for TypeConfiguration
2021-07-21 18:02:59.400 [1;32mDEBUG[0;39m [1;35m74453[0;39m [1;36mSpringApplicationShutdownHook[0;39m [1;33mo.h.type.spi.TypeConfiguration$Scope_unsetSessionFactory[0;39m [1;37mL:350[0;39m [1;30mo.h.type.spi.TypeConfiguration$Scope[0;39m 
 [1;31m     >[0;39m Un-scoping TypeConfiguration [org.hibernate.type.spi.TypeConfiguration$Scope@6338c7e3] from SessionFactory [org.hibernate.internal.SessionFactoryImpl@7f7b6639]
2021-07-21 18:03:00.703 [1;32mINFO [0;39m [1;35m74518[0;39m [1;36mmain[0;39m [1;33mo.s.boot.StartupInfoLogger_logStarting[0;39m [1;37mL:55[0;39m [1;30mc.p.logging.LoggingApplication[0;39m 
 [1;31m     >[0;39m Starting LoggingApplication using Java 1.8.0_282 on bagjinhong-ui-MacBookPro.local with PID 74518 (/Users/jinhong/Documents/git/woowacourse/level3/logging/build/classes/java/main started by jinhong in /Users/jinhong/Documents/git/woowacourse/level3/logging)
2021-07-21 18:03:00.704 [1;32mINFO [0;39m [1;35m74518[0;39m [1;36mmain[0;39m [1;33mo.s.boot.SpringApplication_logStartupProfileInfo[0;39m [1;37mL:663[0;39m [1;30mc.p.logging.LoggingApplication[0;39m 
 [1;31m     >[0;39m The following profiles are active: prod
2021-07-21 18:03:00.952 [1;32mINFO [0;39m [1;35m74518[0;39m [1;36mmain[0;39m [1;33mo.s.d.r.c.RepositoryConfigurationDelegate_registerRepositoriesIn[0;39m [1;37mL:132[0;39m [1;30mo.s.d.r.c.RepositoryConfigurationDelegate[0;39m 
 [1;31m     >[0;39m Bootstrapping Spring Data JPA repositories in DEFAULT mode.
2021-07-21 18:03:00.970 [1;32mINFO [0;39m [1;35m74518[0;39m [1;36mmain[0;39m [1;33mo.s.d.r.c.RepositoryConfigurationDelegate_registerRepositoriesIn[0;39m [1;37mL:201[0;39m [1;30mo.s.d.r.c.RepositoryConfigurationDelegate[0;39m 
 [1;31m     >[0;39m Finished Spring Data repository scanning in 14 ms. Found 1 JPA repository interfaces.
2021-07-21 18:03:01.139 [1;32mINFO [0;39m [1;35m74518[0;39m [1;36mmain[0;39m [1;33mo.s.b.w.e.tomcat.TomcatWebServer_initialize[0;39m [1;37mL:108[0;39m [1;30mo.s.b.w.e.tomcat.TomcatWebServer[0;39m 
 [1;31m     >[0;39m Tomcat initialized with port(s): 8080 (http)
2021-07-21 18:03:01.179 [1;32mINFO [0;39m [1;35m74518[0;39m [1;36mmain[0;39m [1;33mo.s.b.w.s.c.ServletWebServerApplicationContext_prepareWebApplicationContext[0;39m [1;37mL:290[0;39m [1;30mo.s.b.w.s.c.ServletWebServerApplicationContext[0;39m 
 [1;31m     >[0;39m Root WebApplicationContext: initialization completed in 459 ms
2021-07-21 18:03:01.451 [1;32mDEBUG[0;39m [1;35m74518[0;39m [1;36mmain[0;39m [1;33mo.h.type.spi.TypeConfiguration_scope[0;39m [1;37mL:152[0;39m [1;30mo.h.type.spi.TypeConfiguration$Scope[0;39m 
 [1;31m     >[0;39m Scoping TypeConfiguration [org.hibernate.type.spi.TypeConfiguration@60c73e58] to MetadataBuildingContext [org.hibernate.boot.internal.MetadataBuildingContextRootImpl@5984feef]
2021-07-21 18:03:01.505 [1;32mDEBUG[0;39m [1;35m74518[0;39m [1;36mmain[0;39m [1;33mo.h.type.spi.TypeConfiguration_scope[0;39m [1;37mL:157[0;39m [1;30mo.h.type.spi.TypeConfiguration$Scope[0;39m 
 [1;31m     >[0;39m Scoping TypeConfiguration [org.hibernate.type.spi.TypeConfiguration@60c73e58] to SessionFactoryImpl [org.hibernate.internal.SessionFactoryImpl@7f7b6639]
2021-07-21 18:03:01.612 [1;32mDEBUG[0;39m [1;35m74518[0;39m [1;36mmain[0;39m [1;33mo.h.e.jdbc.spi.SqlStatementLogger_logStatement[0;39m [1;37mL:144[0;39m [1;30morg.hibernate.SQL[0;39m 
 [1;31m     >[0;39m drop table if exists user CASCADE 
2021-07-21 18:03:01.615 [1;32mDEBUG[0;39m [1;35m74518[0;39m [1;36mmain[0;39m [1;33mo.h.e.jdbc.spi.SqlStatementLogger_logStatement[0;39m [1;37mL:144[0;39m [1;30morg.hibernate.SQL[0;39m 
 [1;31m     >[0;39m create table user (id bigint generated by default as identity, name varchar(255), primary key (id))
2021-07-21 18:03:01.620 [1;32mTRACE[0;39m [1;35m74518[0;39m [1;36mmain[0;39m [1;33mo.h.type.spi.TypeConfiguration_sessionFactoryCreated[0;39m [1;37mL:205[0;39m [1;30mo.h.type.spi.TypeConfiguration$Scope[0;39m 
 [1;31m     >[0;39m Handling #sessionFactoryCreated from [org.hibernate.internal.SessionFactoryImpl@7f7b6639] for TypeConfiguration
2021-07-21 18:03:01.621 [1;32mINFO [0;39m [1;35m74518[0;39m [1;36mmain[0;39m [1;33mo.s.o.j.AbstractEntityManagerFactoryBean_buildNativeEntityManagerFactory[0;39m [1;37mL:437[0;39m [1;30mo.s.o.j.LocalContainerEntityManagerFactoryBean[0;39m 
 [1;31m     >[0;39m Initialized JPA EntityManagerFactory for persistence unit 'default'
2021-07-21 18:03:01.740 [1;32mWARN [0;39m [1;35m74518[0;39m [1;36mmain[0;39m [1;33mo.s.b.a.o.j.JpaBaseConfiguration$JpaWebConfiguration_openEntityManagerInViewInterceptor[0;39m [1;37mL:219[0;39m [1;30mo.s.b.a.o.j.JpaBaseConfiguration$JpaWebConfiguration[0;39m 
 [1;31m     >[0;39m spring.jpa.open-in-view is enabled by default. Therefore, database queries may be performed during view rendering. Explicitly configure spring.jpa.open-in-view to disable this warning
2021-07-21 18:03:01.885 [1;32mINFO [0;39m [1;35m74518[0;39m [1;36mmain[0;39m [1;33mo.s.b.w.e.tomcat.TomcatWebServer_start[0;39m [1;37mL:220[0;39m [1;30mo.s.b.w.e.tomcat.TomcatWebServer[0;39m 
 [1;31m     >[0;39m Tomcat started on port(s): 8080 (http) with context path ''
2021-07-21 18:03:01.891 [1;32mINFO [0;39m [1;35m74518[0;39m [1;36mmain[0;39m [1;33mo.s.boot.StartupInfoLogger_logStarted[0;39m [1;37mL:61[0;39m [1;30mc.p.logging.LoggingApplication[0;39m 
 [1;31m     >[0;39m Started LoggingApplication in 1.395 seconds (JVM running for 1.801)
2021-07-21 18:03:05.452 [1;32mINFO [0;39m [1;35m74518[0;39m [1;36mhttp-nio-8080-exec-1[0;39m [1;33mo.s.web.servlet.FrameworkServlet_initServletBean[0;39m [1;37mL:525[0;39m [1;30mo.s.web.servlet.DispatcherServlet[0;39m 
 [1;31m     >[0;39m Initializing Servlet 'dispatcherServlet'
2021-07-21 18:03:05.453 [1;32mINFO [0;39m [1;35m74518[0;39m [1;36mhttp-nio-8080-exec-1[0;39m [1;33mo.s.web.servlet.FrameworkServlet_initServletBean[0;39m [1;37mL:547[0;39m [1;30mo.s.web.servlet.DispatcherServlet[0;39m 
 [1;31m     >[0;39m Completed initialization in 1 ms
2021-07-21 18:03:05.482 [1;32mDEBUG[0;39m [1;35m74518[0;39m [1;36mhttp-nio-8080-exec-1[0;39m [1;33mo.h.e.jdbc.spi.SqlStatementLogger_logStatement[0;39m [1;37mL:144[0;39m [1;30morg.hibernate.SQL[0;39m 
 [1;31m     >[0;39m insert into user (id, name) values (null, ?)
2021-07-21 18:03:05.485 [1;32mTRACE[0;39m [1;35m74518[0;39m [1;36mhttp-nio-8080-exec-1[0;39m [1;33mo.h.type.descriptor.sql.BasicBinder_bind[0;39m [1;37mL:64[0;39m [1;30mo.h.type.descriptor.sql.BasicBinder[0;39m 
 [1;31m     >[0;39m binding parameter [1] as [VARCHAR] - [abc]
2021-07-21 18:03:05.491 [1;32mERROR[0;39m [1;35m74518[0;39m [1;36mhttp-nio-8080-exec-1[0;39m [1;33mc.p.l.presentation.EventController_throwException[0;39m [1;37mL:21[0;39m [1;30mc.p.l.presentation.EventController[0;39m 
 [1;31m     >[0;39m ghihhihi
2021-07-21 18:03:05.492 [1;32mINFO [0;39m [1;35m74518[0;39m [1;36mhttp-nio-8080-exec-1[0;39m [1;33mc.p.l.advice.GlobalControllerAdvice_handleException[0;39m [1;37mL:14[0;39m [1;30mc.p.l.advice.GlobalControllerAdvice[0;39m 
 [1;31m     >[0;39m this is info logging.
2021-07-21 18:03:05.492 [1;32mERROR[0;39m [1;35m74518[0;39m [1;36mhttp-nio-8080-exec-1[0;39m [1;33mc.p.l.advice.GlobalControllerAdvice_handleException[0;39m [1;37mL:15[0;39m [1;30mc.p.l.advice.GlobalControllerAdvice[0;39m 
 [1;31m     >[0;39m this is error logging.
2021-07-21 18:03:05.593 [1;32mDEBUG[0;39m [1;35m74518[0;39m [1;36mhttp-nio-8080-exec-2[0;39m [1;33mo.h.e.jdbc.spi.SqlStatementLogger_logStatement[0;39m [1;37mL:144[0;39m [1;30morg.hibernate.SQL[0;39m 
 [1;31m     >[0;39m insert into user (id, name) values (null, ?)
2021-07-21 18:03:05.593 [1;32mTRACE[0;39m [1;35m74518[0;39m [1;36mhttp-nio-8080-exec-2[0;39m [1;33mo.h.type.descriptor.sql.BasicBinder_bind[0;39m [1;37mL:64[0;39m [1;30mo.h.type.descriptor.sql.BasicBinder[0;39m 
 [1;31m     >[0;39m binding parameter [1] as [VARCHAR] - [abc]
2021-07-21 18:03:05.594 [1;32mERROR[0;39m [1;35m74518[0;39m [1;36mhttp-nio-8080-exec-2[0;39m [1;33mc.p.l.presentation.EventController_throwException[0;39m [1;37mL:21[0;39m [1;30mc.p.l.presentation.EventController[0;39m 
 [1;31m     >[0;39m ghihhihi
2021-07-21 18:03:05.594 [1;32mINFO [0;39m [1;35m74518[0;39m [1;36mhttp-nio-8080-exec-2[0;39m [1;33mc.p.l.advice.GlobalControllerAdvice_handleException[0;39m [1;37mL:14[0;39m [1;30mc.p.l.advice.GlobalControllerAdvice[0;39m 
 [1;31m     >[0;39m this is info logging.
2021-07-21 18:03:05.595 [1;32mERROR[0;39m [1;35m74518[0;39m [1;36mhttp-nio-8080-exec-2[0;39m [1;33mc.p.l.advice.GlobalControllerAdvice_handleException[0;39m [1;37mL:15[0;39m [1;30mc.p.l.advice.GlobalControllerAdvice[0;39m 
 [1;31m     >[0;39m this is error logging.
2021-07-21 18:11:46.640 [1;32mINFO [0;39m [1;35m74518[0;39m [1;36mSpringApplicationShutdownHook[0;39m [1;33mo.s.o.j.AbstractEntityManagerFactoryBean_destroy[0;39m [1;37mL:651[0;39m [1;30mo.s.o.j.LocalContainerEntityManagerFactoryBean[0;39m 
 [1;31m     >[0;39m Closing JPA EntityManagerFactory for persistence unit 'default'
2021-07-21 18:11:46.643 [1;32mDEBUG[0;39m [1;35m74518[0;39m [1;36mSpringApplicationShutdownHook[0;39m [1;33mo.h.e.jdbc.spi.SqlStatementLogger_logStatement[0;39m [1;37mL:144[0;39m [1;30morg.hibernate.SQL[0;39m 
 [1;31m     >[0;39m drop table if exists user CASCADE 
2021-07-21 18:11:46.644 [1;32mTRACE[0;39m [1;35m74518[0;39m [1;36mSpringApplicationShutdownHook[0;39m [1;33mo.h.type.spi.TypeConfiguration_sessionFactoryClosed[0;39m [1;37mL:211[0;39m [1;30mo.h.type.spi.TypeConfiguration$Scope[0;39m 
 [1;31m     >[0;39m Handling #sessionFactoryClosed from [org.hibernate.internal.SessionFactoryImpl@7f7b6639] for TypeConfiguration
2021-07-21 18:11:46.644 [1;32mDEBUG[0;39m [1;35m74518[0;39m [1;36mSpringApplicationShutdownHook[0;39m [1;33mo.h.type.spi.TypeConfiguration$Scope_unsetSessionFactory[0;39m [1;37mL:350[0;39m [1;30mo.h.type.spi.TypeConfiguration$Scope[0;39m 
 [1;31m     >[0;39m Un-scoping TypeConfiguration [org.hibernate.type.spi.TypeConfiguration$Scope@2aba34f6] from SessionFactory [org.hibernate.internal.SessionFactoryImpl@7f7b6639]
